<?xml version="1.0" encoding="UTF-8" ?>
<testsuites disabled="0" errors="0" failures="2" tests="2" time="22504">
 <testsuite name="Escenario: Usuario se loguea a la aplicacion" timestamp="2018-05-11T15:15:52" hostname="localhost" time="22.504" errors="0" tests="2" skipped="0" disabled="0" failures="2">
  <testcase classname="Escenario: Usuario se loguea a la aplicacion" name="BNT-1625 - Verificar usuario se loguee por primera vez exitosamente" time="11.302">
   <failure type="exception" message="Failed: No element found using locator: by.model(&quot;user.token&quot;)"><![CDATA[NoSuchElementError: No element found using locator: by.model("user.token")
    at WebDriverError (/home/jaime/WebstormProjects/bisanewtransfer_mobile/node_modules/selenium-webdriver/lib/error.js:27:5)
    at NoSuchElementError (/home/jaime/WebstormProjects/bisanewtransfer_mobile/node_modules/selenium-webdriver/lib/error.js:192:5)
    at elementArrayFinder.getWebElements.then (/home/jaime/WebstormProjects/bisanewtransfer_mobile/node_modules/protractor/built/element.js:814:27)
    at ManagedPromise.invokeCallback_ (/home/jaime/WebstormProjects/bisanewtransfer_mobile/node_modules/selenium-webdriver/lib/promise.js:1376:14)
    at TaskQueue.execute_ (/home/jaime/WebstormProjects/bisanewtransfer_mobile/node_modules/selenium-webdriver/lib/promise.js:3084:14)
    at TaskQueue.executeNext_ (/home/jaime/WebstormProjects/bisanewtransfer_mobile/node_modules/selenium-webdriver/lib/promise.js:3067:27)
    at asyncRun (/home/jaime/WebstormProjects/bisanewtransfer_mobile/node_modules/selenium-webdriver/lib/promise.js:2927:27)
    at /home/jaime/WebstormProjects/bisanewtransfer_mobile/node_modules/selenium-webdriver/lib/promise.js:668:7
    at process._tickCallback (internal/process/next_tick.js:109:7)Error
    at ElementArrayFinder.applyAction_ (/home/jaime/WebstormProjects/bisanewtransfer_mobile/node_modules/protractor/built/element.js:459:27)
    at ElementArrayFinder.(anonymous function) [as sendKeys] (/home/jaime/WebstormProjects/bisanewtransfer_mobile/node_modules/protractor/built/element.js:91:29)
    at ElementFinder.(anonymous function) [as sendKeys] (/home/jaime/WebstormProjects/bisanewtransfer_mobile/node_modules/protractor/built/element.js:831:22)
    at LoginFlow.loginFirstTime (/home/jaime/WebstormProjects/bisanewtransfer_mobile/tests/e2e/pages/LoginFlow.js:96:48)
    at UserContext.<anonymous> (/home/jaime/WebstormProjects/bisanewtransfer_mobile/tests/e2e/test_suites/smoke/QA_BNT_Login_spec.js:23:17)
    at /home/jaime/WebstormProjects/bisanewtransfer_mobile/node_modules/jasminewd2/index.js:112:25
    at new ManagedPromise (/home/jaime/WebstormProjects/bisanewtransfer_mobile/node_modules/selenium-webdriver/lib/promise.js:1077:7)
    at ControlFlow.promise (/home/jaime/WebstormProjects/bisanewtransfer_mobile/node_modules/selenium-webdriver/lib/promise.js:2505:12)
    at schedulerExecute (/home/jaime/WebstormProjects/bisanewtransfer_mobile/node_modules/jasminewd2/index.js:95:18)
    at TaskQueue.execute_ (/home/jaime/WebstormProjects/bisanewtransfer_mobile/node_modules/selenium-webdriver/lib/promise.js:3084:14)
From: Task: Run it("BNT-1625 - Verificar usuario se loguee por primera vez exitosamente") in control flow
    at UserContext.<anonymous> (/home/jaime/WebstormProjects/bisanewtransfer_mobile/node_modules/jasminewd2/index.js:94:19)
    at attempt (/home/jaime/WebstormProjects/bisanewtransfer_mobile/node_modules/jasmine/node_modules/jasmine-core/lib/jasmine-core/jasmine.js:4297:26)
    at QueueRunner.run (/home/jaime/WebstormProjects/bisanewtransfer_mobile/node_modules/jasmine/node_modules/jasmine-core/lib/jasmine-core/jasmine.js:4217:20)
    at runNext (/home/jaime/WebstormProjects/bisanewtransfer_mobile/node_modules/jasmine/node_modules/jasmine-core/lib/jasmine-core/jasmine.js:4257:20)
    at /home/jaime/WebstormProjects/bisanewtransfer_mobile/node_modules/jasmine/node_modules/jasmine-core/lib/jasmine-core/jasmine.js:4264:13
    at /home/jaime/WebstormProjects/bisanewtransfer_mobile/node_modules/jasmine/node_modules/jasmine-core/lib/jasmine-core/jasmine.js:4172:9
    at /home/jaime/WebstormProjects/bisanewtransfer_mobile/node_modules/jasminewd2/index.js:64:48
    at ControlFlow.emit (/home/jaime/WebstormProjects/bisanewtransfer_mobile/node_modules/selenium-webdriver/lib/events.js:62:21)
    at ControlFlow.shutdown_ (/home/jaime/WebstormProjects/bisanewtransfer_mobile/node_modules/selenium-webdriver/lib/promise.js:2674:10)
    at shutdownTask_.MicroTask (/home/jaime/WebstormProjects/bisanewtransfer_mobile/node_modules/selenium-webdriver/lib/promise.js:2599:53)
From asynchronous test: 
Error
    at Suite.<anonymous> (/home/jaime/WebstormProjects/bisanewtransfer_mobile/tests/e2e/test_suites/smoke/QA_BNT_Login_spec.js:21:5)
    at addSpecsToSuite (/home/jaime/WebstormProjects/bisanewtransfer_mobile/node_modules/jasmine/node_modules/jasmine-core/lib/jasmine-core/jasmine.js:1107:25)
    at Env.describe (/home/jaime/WebstormProjects/bisanewtransfer_mobile/node_modules/jasmine/node_modules/jasmine-core/lib/jasmine-core/jasmine.js:1074:7)
    at describe (/home/jaime/WebstormProjects/bisanewtransfer_mobile/node_modules/jasmine/node_modules/jasmine-core/lib/jasmine-core/jasmine.js:4399:18)
    at Object.<anonymous> (/home/jaime/WebstormProjects/bisanewtransfer_mobile/tests/e2e/test_suites/smoke/QA_BNT_Login_spec.js:5:1)
    at Module._compile (module.js:570:32)
    at Object.Module._extensions..js (module.js:579:10)
    at Module.load (module.js:487:32)
    at tryModuleLoad (module.js:446:12)]]>
   </failure>
  </testcase>
  <testcase classname="Escenario: Usuario se loguea a la aplicacion" name="BNT-1626 - Verificar usuario se loguee exitosamente" time="11.193">
   <failure type="exception" message="Failed: No element found using locator: by.model(&quot;user.pin2&quot;)"><![CDATA[NoSuchElementError: No element found using locator: by.model("user.pin2")
    at WebDriverError (/home/jaime/WebstormProjects/bisanewtransfer_mobile/node_modules/selenium-webdriver/lib/error.js:27:5)
    at NoSuchElementError (/home/jaime/WebstormProjects/bisanewtransfer_mobile/node_modules/selenium-webdriver/lib/error.js:192:5)
    at elementArrayFinder.getWebElements.then (/home/jaime/WebstormProjects/bisanewtransfer_mobile/node_modules/protractor/built/element.js:814:27)
    at ManagedPromise.invokeCallback_ (/home/jaime/WebstormProjects/bisanewtransfer_mobile/node_modules/selenium-webdriver/lib/promise.js:1376:14)
    at TaskQueue.execute_ (/home/jaime/WebstormProjects/bisanewtransfer_mobile/node_modules/selenium-webdriver/lib/promise.js:3084:14)
    at TaskQueue.executeNext_ (/home/jaime/WebstormProjects/bisanewtransfer_mobile/node_modules/selenium-webdriver/lib/promise.js:3067:27)
    at asyncRun (/home/jaime/WebstormProjects/bisanewtransfer_mobile/node_modules/selenium-webdriver/lib/promise.js:2927:27)
    at /home/jaime/WebstormProjects/bisanewtransfer_mobile/node_modules/selenium-webdriver/lib/promise.js:668:7
    at process._tickCallback (internal/process/next_tick.js:109:7)Error
    at ElementArrayFinder.applyAction_ (/home/jaime/WebstormProjects/bisanewtransfer_mobile/node_modules/protractor/built/element.js:459:27)
    at ElementArrayFinder.(anonymous function) [as sendKeys] (/home/jaime/WebstormProjects/bisanewtransfer_mobile/node_modules/protractor/built/element.js:91:29)
    at ElementFinder.(anonymous function) [as sendKeys] (/home/jaime/WebstormProjects/bisanewtransfer_mobile/node_modules/protractor/built/element.js:831:22)
    at LoginFlow.loginToApp (/home/jaime/WebstormProjects/bisanewtransfer_mobile/tests/e2e/pages/LoginFlow.js:72:57)
    at UserContext.<anonymous> (/home/jaime/WebstormProjects/bisanewtransfer_mobile/tests/e2e/test_suites/smoke/QA_BNT_Login_spec.js:31:17)
    at /home/jaime/WebstormProjects/bisanewtransfer_mobile/node_modules/jasminewd2/index.js:112:25
    at new ManagedPromise (/home/jaime/WebstormProjects/bisanewtransfer_mobile/node_modules/selenium-webdriver/lib/promise.js:1077:7)
    at ControlFlow.promise (/home/jaime/WebstormProjects/bisanewtransfer_mobile/node_modules/selenium-webdriver/lib/promise.js:2505:12)
    at schedulerExecute (/home/jaime/WebstormProjects/bisanewtransfer_mobile/node_modules/jasminewd2/index.js:95:18)
    at TaskQueue.execute_ (/home/jaime/WebstormProjects/bisanewtransfer_mobile/node_modules/selenium-webdriver/lib/promise.js:3084:14)
From: Task: Run it("BNT-1626 - Verificar usuario se loguee exitosamente") in control flow
    at UserContext.<anonymous> (/home/jaime/WebstormProjects/bisanewtransfer_mobile/node_modules/jasminewd2/index.js:94:19)
    at attempt (/home/jaime/WebstormProjects/bisanewtransfer_mobile/node_modules/jasmine/node_modules/jasmine-core/lib/jasmine-core/jasmine.js:4297:26)
    at QueueRunner.run (/home/jaime/WebstormProjects/bisanewtransfer_mobile/node_modules/jasmine/node_modules/jasmine-core/lib/jasmine-core/jasmine.js:4217:20)
    at runNext (/home/jaime/WebstormProjects/bisanewtransfer_mobile/node_modules/jasmine/node_modules/jasmine-core/lib/jasmine-core/jasmine.js:4257:20)
    at /home/jaime/WebstormProjects/bisanewtransfer_mobile/node_modules/jasmine/node_modules/jasmine-core/lib/jasmine-core/jasmine.js:4264:13
    at /home/jaime/WebstormProjects/bisanewtransfer_mobile/node_modules/jasmine/node_modules/jasmine-core/lib/jasmine-core/jasmine.js:4172:9
    at /home/jaime/WebstormProjects/bisanewtransfer_mobile/node_modules/jasminewd2/index.js:64:48
    at ControlFlow.emit (/home/jaime/WebstormProjects/bisanewtransfer_mobile/node_modules/selenium-webdriver/lib/events.js:62:21)
    at ControlFlow.shutdown_ (/home/jaime/WebstormProjects/bisanewtransfer_mobile/node_modules/selenium-webdriver/lib/promise.js:2674:10)
    at shutdownTask_.MicroTask (/home/jaime/WebstormProjects/bisanewtransfer_mobile/node_modules/selenium-webdriver/lib/promise.js:2599:53)
From asynchronous test: 
Error
    at Suite.<anonymous> (/home/jaime/WebstormProjects/bisanewtransfer_mobile/tests/e2e/test_suites/smoke/QA_BNT_Login_spec.js:29:5)
    at addSpecsToSuite (/home/jaime/WebstormProjects/bisanewtransfer_mobile/node_modules/jasmine/node_modules/jasmine-core/lib/jasmine-core/jasmine.js:1107:25)
    at Env.describe (/home/jaime/WebstormProjects/bisanewtransfer_mobile/node_modules/jasmine/node_modules/jasmine-core/lib/jasmine-core/jasmine.js:1074:7)
    at describe (/home/jaime/WebstormProjects/bisanewtransfer_mobile/node_modules/jasmine/node_modules/jasmine-core/lib/jasmine-core/jasmine.js:4399:18)
    at Object.<anonymous> (/home/jaime/WebstormProjects/bisanewtransfer_mobile/tests/e2e/test_suites/smoke/QA_BNT_Login_spec.js:5:1)
    at Module._compile (module.js:570:32)
    at Object.Module._extensions..js (module.js:579:10)
    at Module.load (module.js:487:32)
    at tryModuleLoad (module.js:446:12)]]>
   </failure>
  </testcase>
 </testsuite>
</testsuites>